<?xml version="1.0" encoding="UTF-8"?>
<!-- Generated by org.testng.reporters.JUnitReportReporter -->
<testsuite hostname="DESKTOP-7TG2T2I" name="org.task2.WorkOut" tests="1" failures="0" timestamp="16 Sep 2019 17:03:43 GMT" time="0.010" errors="0">
  <testcase name="test1" time="0.010" classname="org.task2.WorkOut"/>
</testsuite> <!-- org.task2.WorkOut -->
