<?xml version="1.0" encoding="UTF-8"?>
<!-- Generated by org.testng.reporters.JUnitReportReporter -->
<testsuite hostname="DESKTOP-7TG2T2I" name="org.task2.InvoCount" tests="12" failures="0" timestamp="16 Sep 2019 17:02:16 GMT" time="0.042" errors="0">
  <testcase name="test1" time="0.001" classname="org.task2.InvoCount"/>
  <testcase name="test1" time="0.001" classname="org.task2.InvoCount"/>
  <testcase name="test1" time="0.003" classname="org.task2.InvoCount"/>
  <testcase name="test1" time="0.002" classname="org.task2.InvoCount"/>
  <testcase name="test1" time="0.020" classname="org.task2.InvoCount"/>
  <testcase name="test1" time="0.001" classname="org.task2.InvoCount"/>
  <testcase name="test1" time="0.004" classname="org.task2.InvoCount"/>
  <testcase name="test1" time="0.001" classname="org.task2.InvoCount"/>
  <testcase name="test2" time="0.002" classname="org.task2.InvoCount"/>
  <testcase name="test3" time="0.003" classname="org.task2.InvoCount"/>
  <testcase name="test1" time="0.002" classname="org.task2.InvoCount"/>
  <testcase name="test1" time="0.002" classname="org.task2.InvoCount"/>
</testsuite> <!-- org.task2.InvoCount -->
