<?xml version="1.0" encoding="UTF-8"?>
<!-- Generated by org.testng.reporters.JUnitReportReporter -->
<testsuite hostname="DESKTOP-7TG2T2I" name="org.task2.Ignore" tests="2" failures="0" timestamp="16 Sep 2019 17:01:49 GMT" time="0.022" errors="0">
  <testcase name="test2" time="0.019" classname="org.task2.Ignore"/>
  <testcase name="test3" time="0.003" classname="org.task2.Ignore"/>
</testsuite> <!-- org.task2.Ignore -->
