<?xml version="1.0" encoding="UTF-8"?>
<!-- Generated by org.testng.reporters.JUnitReportReporter -->
<testsuite hostname="DESKTOP-7TG2T2I" name="org.task2.Priority" tests="3" failures="0" timestamp="16 Sep 2019 17:03:06 GMT" time="0.027" errors="0">
  <testcase name="test2" time="0.022" classname="org.task2.Priority"/>
  <testcase name="test1" time="0.003" classname="org.task2.Priority"/>
  <testcase name="test3" time="0.002" classname="org.task2.Priority"/>
</testsuite> <!-- org.task2.Priority -->
